<?xml version="1.0" encoding="UTF-8" ?>
<testsuites errors="0"
            failures="1"
            tests="1">

  <testsuite name="test"
    errors="0" failures="1" hostname="" id="" package="test" skipped="0"
    tests="1" time="8.569" timestamp="">
  
    <testcase name="miksike test" classname="test" time="8.569" assertions="2">

      <failure message="Timed out while waiting for element &lt;//*[@id=&#34;TrennivÃ¤ljak&#34;]&gt; to be present for 5000 milliseconds. - expected [0;32m&#34;visible&#34;[0m but got: [0;31m&#34;not found&#34;[0m">    at Object.miksike test (C:\Users\User\Desktop\projects\School\Testimine\MiksikeTest\tests\test.js:17:8)
    at process._tickCallback (internal/process/next_tick.js:68:7)</failure>

    <failure message="    at Object.miksike test (C:\Users\User\Desktop\projects\School\Testimine\MiksikeTest\tests\test.js:17:8)">    at process._tickCallback (internal/process/next_tick.js:68:7)</failure>
    </testcase>
  

  

  
  </testsuite>
</testsuites>
